<?xml version="1.0" encoding="UTF-8"?>
<testng-results ignored="0" total="1" passed="1" failed="0" skipped="0">
  <reporter-output>
  </reporter-output>
  <suite started-at="2023-03-13T22:36:44 EDT" name="Default suite" finished-at="2023-03-13T22:38:25 EDT" duration-ms="100817">
    <groups>
    </groups>
    <test started-at="2023-03-13T22:36:44 EDT" name="Default test" finished-at="2023-03-13T22:38:25 EDT" duration-ms="100817">
      <class name="hybridFramework.Application">
        <test-method signature="verifyErrMsgsOnDifferentApplications()[pri:0, instance:hybridFramework.Application@7bab3f1a]" started-at="2023-03-13T22:36:44 EDT" name="verifyErrMsgsOnDifferentApplications" finished-at="2023-03-13T22:38:25 EDT" duration-ms="100781" status="PASS">
          <reporter-output>
          </reporter-output>
        </test-method> <!-- verifyErrMsgsOnDifferentApplications -->
      </class> <!-- hybridFramework.Application -->
    </test> <!-- Default test -->
  </suite> <!-- Default suite -->
</testng-results>
